@time=2015-12-12T21:15:39.000Z :IllFlower PRIVMSG #madokamadness :Okay, last we left off, the Conservators were busy being unable to console a high school girl.
@time=2015-12-12T21:15:56.000Z :IllFlower TOPIC #madokamadness :https://room208.org/wiki/events | RIGHT NOW: Novus Ordo Conservatorum
@time=2015-12-12T21:16:09.000Z :Calica PRIVMSG #madokamadness :correct.
@time=2015-12-12T21:16:35.000Z :IllFlower PRIVMSG #madokamadness :Good job.
@time=2015-12-12T21:17:05.000Z :IllFlower PRIVMSG #madokamadness :Anyway, the girls head off to class in rather low spirits.
@time=2015-12-12T21:18:19.000Z :Rig PRIVMSG #madokamadness :A good start to a school day.
@time=2015-12-12T21:18:31.000Z :IllFlower PRIVMSG #madokamadness :Even Noriko can't do much but brood over the situation, and as a result none of them absorb much during their first period classes.
@time=2015-12-12T21:20:13.000Z :IllFlower PRIVMSG #madokamadness :When the bell rings, the rest of the first-year girls almost immediately break off into small insistently whispering cliques. A few glances are thrown at Mayumi's vacant desk.
@time=2015-12-12T21:21:54.000Z :IllFlower PRIVMSG #madokamadness :What's stranger is that one of the boys is staring directly at Mayumi's desk, with a half-absent grin on his face.
@time=2015-12-12T21:22:04.000Z :Rig PRIVMSG #madokamadness :What a creep.
@time=2015-12-12T21:22:09.000Z :Calica PRIVMSG #madokamadness :Do we recognize which boy?
@time=2015-12-12T21:22:13.000Z :Calica PRIVMSG #madokamadness :Is it the scary one?
@time=2015-12-12T21:22:29.000Z :BGTB2005 PRIVMSG #madokamadness :wasn't the scary one a third year?
@time=2015-12-12T21:22:34.000Z :Calica PRIVMSG #madokamadness :oh yeah
@time=2015-12-12T21:23:48.000Z :IllFlower PRIVMSG #madokamadness :Emiko vaguely remembers him as one of those people who doesn't show up to class very often. He was gone for something like two weeks straight recently.
@time=2015-12-12T21:24:08.000Z :Rig PRIVMSG #madokamadness :Truancy or medical leave?
@time=2015-12-12T21:24:15.000Z :IllFlower PRIVMSG #madokamadness :Who knows.
@time=2015-12-12T21:24:26.000Z :IllFlower PRIVMSG #madokamadness :He certainly doesn't look like the frail type.
@time=2015-12-12T21:25:51.000Z :Rig PRIVMSG #madokamadness :I feel like someone should say something to him, but I feel like Emiko would do that before Noriko.
@time=2015-12-12T21:28:46.000Z :Calica PRIVMSG #madokamadness :Alright.
@time=2015-12-12T21:29:38.000Z :Rig PRIVMSG #madokamadness :Noriko gives the boy a pointed look. She can only assume he doesn't realize that he's being impolite.
@time=2015-12-12T21:30:11.000Z :Calica PRIVMSG #madokamadness :Emiko walks up to the boy.  "Hey, I notice you've been absent a lot recently.  Has something happened recently?"
@time=2015-12-12T21:32:11.000Z :IllFlower PRIVMSG #madokamadness :The grin evaporates from the boy's face with jarring speed, as if to compensate for Emiko's good-hearted cheer. "Who's asking?" he says in a dismissive voice.
@time=2015-12-12T21:32:29.000Z :Xeniera JOIN #madokamadness
@time=2015-12-12T21:32:30.000Z :ChanServ MODE #madokamadness +o Xeniera
@time=2015-12-12T21:34:24.000Z :Calica PRIVMSG #madokamadness :"I'm just worried, what with the huge fight recently, and what happened to Mayumi this morning..."
@time=2015-12-12T21:39:14.000Z :IllFlower PRIVMSG #madokamadness :"Oh, that." The boy laughs, and pulls back the collar of his uniform to reveal a collage of dark welts and bandages on the skin of his chest. "I had a bit of a run-in."
@time=2015-12-12T21:40:21.000Z :Calica PRIVMSG #madokamadness :"With Mayumi?"
@time=2015-12-12T21:40:55.000Z :Calica PRIVMSG #madokamadness :wait, was that supposed to be about the fight?  if not, i guess it could be taken as a joke anyways V:
@time=2015-12-12T21:41:13.000Z :Rig PRIVMSG #madokamadness :I imagined it was about the fight, but I assumed Emiko was making a joke.
@time=2015-12-12T21:43:02.000Z :IllFlower PRIVMSG #madokamadness :"You're funny," the boy says, in the tone of someone who doesn't think for a second that Emiko's funny.
@time=2015-12-12T21:44:00.000Z :IllFlower PRIVMSG #madokamadness :"Though who knows. Maybe Minase is weak enough that he needs his girl to dish out the pain for him. That'd be hilarious." The smirk returns to his face.
@time=2015-12-12T21:44:41.000Z :Calica PRIVMSG #madokamadness :is minase akamine?
@time=2015-12-12T21:45:03.000Z :IllFlower PRIVMSG #madokamadness :Minase's another one of those delinquent types, Emiko remembers. A second-year. He's had stitches on his face for a little bit.
@time=2015-12-12T21:46:24.000Z :Rig PRIVMSG #madokamadness :Mayumi is dating a delinquent? How scandalous.
@time=2015-12-12T21:47:14.000Z :IllFlower PRIVMSG #madokamadness :Love works in mysterious ways. Especially when you're fifteen.
@time=2015-12-12T21:47:21.000Z :Rig PRIVMSG #madokamadness :Good point.
@time=2015-12-12T21:48:19.000Z :Calica PRIVMSG #madokamadness :I feel like I should maybe try to get more info out of him but I'm not sure how I would proceed, even in a conflict situation
@time=2015-12-12T21:48:52.000Z :Rig PRIVMSG #madokamadness :Maybe we should just make a note of the new information about Mayumi's love life and talk to her about it later.
@time=2015-12-12T21:49:25.000Z :Rig PRIVMSG #madokamadness :Or you could swing a "Oh, I didn't know they were still dating." sorta thing and see if we get anything else.
@time=2015-12-12T21:49:37.000Z :Calica PRIVMSG #madokamadness :Did Emiko know they were dating?
@time=2015-12-12T21:49:51.000Z :Rig PRIVMSG #madokamadness :She does now. :P
@time=2015-12-12T21:50:21.000Z :IllFlower PRIVMSG #madokamadness :"These look worse than they are," the boy says, pointing to his chest again. "Minase thinks he's got something going, but his little group is full of pussies. I think you could take them in a fight, actually." He looks Emiko up and down with that grin of his intact.
@time=2015-12-12T21:50:26.000Z :IllFlower PRIVMSG #madokamadness :Calica: Your choice.
@time=2015-12-12T21:51:25.000Z :Rig PRIVMSG #madokamadness :High schoolers and their gangs.
@time=2015-12-12T21:53:28.000Z :Calica PRIVMSG #madokamadness :"I don't know about that; I'm not good at fights.  Wasn't aware Minase and Mayumi were still dating though."
@time=2015-12-12T21:56:13.000Z :IllFlower PRIVMSG #madokamadness :"I'd keep an eye on him, if I were you. His reaction's going to be... entertaining."
@time=2015-12-12T21:57:56.000Z :IllFlower PRIVMSG #madokamadness :He drums his fingers on his desk in anticipation. "He never thought we'd get Rokujou involved in this mess. Just goes to show you how weak his position is."
@time=2015-12-12T21:58:42.000Z :Rig PRIVMSG #madokamadness :Wow, these kids take their gang wars seriously.
@time=2015-12-12T21:59:11.000Z :Calica PRIVMSG #madokamadness :Rig: haven't you seen durarara
@time=2015-12-12T21:59:15.000Z :Rig PRIVMSG #madokamadness :Nope.
@time=2015-12-12T21:59:33.000Z :Rig PRIVMSG #madokamadness :All I know about that is that there is a headless motorcyclist.
@time=2015-12-12T21:59:42.000Z :Rig PRIVMSG #madokamadness :So I assume it's basically just Japanese Sleepy Hollow.
@time=2015-12-12T22:01:42.000Z :Rig PRIVMSG #madokamadness :So, did this weirdo admit to letterbombing Mayumi?
@time=2015-12-12T22:01:51.000Z :Calica PRIVMSG #madokamadness :Rig: he or someone in his group, yes
@time=2015-12-12T22:03:13.000Z :Rig PRIVMSG #madokamadness :Noriko jumps in, "You're just letterbombing innocent people?"
@time=2015-12-12T22:05:15.000Z :IllFlower PRIVMSG #madokamadness :"Huh?" He looks up at Noriko. "'Sthat some kind of metaphor? I'm not smart enough for that kind of stuff, Hisakawa."
@time=2015-12-12T22:06:57.000Z :Calica PRIVMSG #madokamadness :"I'm guessing you know someone who is, though."
@time=2015-12-12T22:07:59.000Z :IllFlower PRIVMSG #madokamadness :"For metaphors?"
@time=2015-12-12T22:08:50.000Z :Calica PRIVMSG #madokamadness :"For letter bombs."
@time=2015-12-12T22:10:05.000Z :AttObl_ JOIN #madokamadness
@time=2015-12-12T22:10:47.000Z :IllFlower PRIVMSG #madokamadness :"I don't get it."
@time=2015-12-12T22:11:48.000Z :Calica PRIVMSG #madokamadness :"It's how you guys got Mayumi involved in this mess."
@time=2015-12-12T22:12:02.000Z :Rig PRIVMSG #madokamadness :"Like he said, he's not much on brains. I doubt he can even open his own locker, let alone Mayumi's."
@time=2015-12-12T22:16:13.000Z :CentralAve NICK ShowerAvenue
@time=2015-12-12T22:16:21.000Z :IllFlower PRIVMSG #madokamadness :I dunno, maybe he could wrench it open with sheer ignorant force.
@time=2015-12-12T22:18:04.000Z :Rig PRIVMSG #madokamadness :It'd be quite a feat.
@time=2015-12-12T22:19:19.000Z :IllFlower PRIVMSG #madokamadness :"Well, if you want details, ask the guy upstairs. I doubt Akamine would tell you, but maybe he'll take mercy on a poor old friend of Rokujou's."
@time=2015-12-12T22:19:31.000Z :IllFlower PRIVMSG #madokamadness :The boy laughs again.
@time=2015-12-12T22:19:43.000Z :Rig PRIVMSG #madokamadness :Noriko rolls her eyes.
@time=2015-12-12T22:21:15.000Z :IllFlower PRIVMSG #madokamadness :Burn.
@time=2015-12-12T22:21:33.000Z :Calica PRIVMSG #madokamadness :Emiko narrows her eyes, and looks to Noriko.  "Not sure how much more he's going to tell us."  she whispers.
@time=2015-12-12T22:21:42.000Z :Calica PRIVMSG #madokamadness :"Not sure how much he even knows."
@time=2015-12-12T22:25:00.000Z :Rig PRIVMSG #madokamadness :"It's probably not worth our time anyway," Noriko replies. "We'd probably be better off asking Minase."
@time=2015-12-12T22:25:06.000Z :IllFlower PRIVMSG #madokamadness :He'd be a good match for our very literal Satori.
@time=2015-12-12T22:27:59.000Z :IllFlower PRIVMSG #madokamadness :And yes, you probably would.
@time=2015-12-12T22:28:58.000Z :Rig QUIT :Remote host closed the connection
@time=2015-12-12T22:29:02.000Z :Rig JOIN #madokamadness
@time=2015-12-12T22:29:02.000Z :ChanServ MODE #madokamadness +o Rig
@time=2015-12-12T22:29:20.000Z :Calica PRIVMSG #madokamadness :"Good to know you're okay, at least..." Emiko says, a hint of sarcasm in her voice.
@time=2015-12-12T22:29:47.000Z :IllFlower PRIVMSG #madokamadness :Ignorance is bliss.
@time=2015-12-12T22:31:18.000Z :Rig PRIVMSG #madokamadness :So, where do we go now?
@time=2015-12-12T22:31:44.000Z :IllFlower PRIVMSG #madokamadness :Magic him to death for being a dick, obviously.
@time=2015-12-12T22:31:58.000Z :BGTB2005 PRIVMSG #madokamadness :^
@time=2015-12-12T22:32:32.000Z :Rig PRIVMSG #madokamadness :That's a bit extreme.
@time=2015-12-12T22:34:13.000Z :IllFlower PRIVMSG #madokamadness :Only a bit? BGTB2005 has gotten to you.
@time=2015-12-12T22:34:57.000Z :Rig PRIVMSG #madokamadness :I mean, he is a dick.
@time=2015-12-12T22:35:24.000Z :Calica PRIVMSG #madokamadness :Yeah but even if he did do the letterbombing magicking him to death is pretty extreme
@time=2015-12-12T22:36:04.000Z :IllFlower PRIVMSG #madokamadness :Man, you guys are no fun.
@time=2015-12-12T22:36:06.000Z :BGTB2005 PRIVMSG #madokamadness :I still think Rin may have been involved somehow
@time=2015-12-12T22:36:22.000Z :IllFlower PRIVMSG #madokamadness :Anyway, you could ask Minase.
@time=2015-12-12T22:36:35.000Z :Calica PRIVMSG #madokamadness :works for me
@time=2015-12-12T22:38:11.000Z :IllFlower PRIVMSG #madokamadness :Someone set the scene. I'm feeling like a lazy bum.
@time=2015-12-12T22:38:42.000Z :Rig PRIVMSG #madokamadness :How about lunch?
@time=2015-12-12T22:38:50.000Z :tinytop PRIVMSG #madokamadness :ur face is a lazy bum
@time=2015-12-12T22:39:13.000Z :IllFlower PRIVMSG #madokamadness :Burn.
@time=2015-12-12T22:39:33.000Z :BGTB2005 PRIVMSG #madokamadness :Lunch sounds good
@time=2015-12-12T22:39:38.000Z :IllFlower PRIVMSG #madokamadness :She's right. My face isn't very good at the things a bum is good at.
@time=2015-12-12T22:39:47.000Z :Calica PRIVMSG #madokamadness :lunch sounds good to me too
@time=2015-12-12T22:39:48.000Z :Rig PRIVMSG #madokamadness :Sitting on it?
@time=2015-12-12T22:39:59.000Z :IllFlower PRIVMSG #madokamadness :Who sits on their lunch?
@time=2015-12-12T22:40:07.000Z :Rig PRIVMSG #madokamadness :It keeps it warm.
@time=2015-12-12T22:40:16.000Z :tinytop PRIVMSG #madokamadness :deliberate obfuscation!!
@time=2015-12-12T22:40:47.000Z :IllFlower PRIVMSG #madokamadness :Warm and smelling vaguely of bung.
@time=2015-12-12T22:41:33.000Z :Rig PRIVMSG #madokamadness :Noriko grabs Emiko and Satori as they make their way to a table during lunch. "Minase is sitting alone," she points out.
@time=2015-12-12T22:41:45.000Z :IllFlower PRIVMSG #madokamadness :Minase always eats lunch with the same group of boys - and Mayumi - which makes today remarkable in two ways.
@time=2015-12-12T22:42:14.000Z :IllFlower PRIVMSG #madokamadness :Three, maybe. Did anyone actually order the vegetable lunch set?
@time=2015-12-12T22:42:19.000Z :Rig PRIVMSG #madokamadness :"Why don't we join him?"
@time=2015-12-12T22:42:33.000Z :Calica PRIVMSG #madokamadness :"Sounds like a good idea."
@time=2015-12-12T22:42:51.000Z :ShowerAvenue NICK CentralAve
@time=2015-12-12T22:44:09.000Z :Rig PRIVMSG #madokamadness :"Mind if we join you?" Noriko says, not waiting for an answer as she sits down across from Minase.
@time=2015-12-12T22:48:56.000Z :Rig PRIVMSG #madokamadness :"How are you doing?"
@time=2015-12-12T22:49:19.000Z :Rig PRIVMSG #madokamadness :(Sorry, making dinner at the same time)
@time=2015-12-12T22:50:05.000Z :IllFlower PRIVMSG #madokamadness :A series of emotions cross Minase's face: first shock at Noriko's brazen entrance, then mildly pleasant surprise that a not-unattractive underclassman is sitting down, then annoyance when he realizes who Noriko's brought along.
@time=2015-12-12T22:50:18.000Z :Calica PRIVMSG #madokamadness :is it Emiko or Satori he's annoyed at
@time=2015-12-12T22:50:23.000Z :IllFlower PRIVMSG #madokamadness :Emiko and Minase aren't on the greatest of terms, you see.
@time=2015-12-12T22:52:13.000Z :Calica PRIVMSG #madokamadness :"Hello Minase."
@time=2015-12-12T22:52:40.000Z :IllFlower PRIVMSG #madokamadness :Minase grimaces in Emiko's general direction.
@time=2015-12-12T22:53:10.000Z :IllFlower PRIVMSG #madokamadness :"You're gonna lecture me about Mayu again, aren't you?"
@time=2015-12-12T22:53:25.000Z :Calica PRIVMSG #madokamadness :hahaha
@time=2015-12-12T22:54:01.000Z :Calica PRIVMSG #madokamadness :"I assume you've heard about this morning..."
@time=2015-12-12T22:55:05.000Z :IllFlower PRIVMSG #madokamadness :"You're funny."
@time=2015-12-12T22:55:18.000Z :IllFlower PRIVMSG #madokamadness :Has Emiko thought of going into stand-up comedy?
@time=2015-12-12T22:57:35.000Z :Rig PRIVMSG #madokamadness :"You're getting that a lot."
@time=2015-12-12T22:58:23.000Z :Calica PRIVMSG #madokamadness :"Anyways, what's going on, that people are going after her?"
@time=2015-12-12T23:00:33.000Z :IllFlower PRIVMSG #madokamadness :"I dunno. Maybe they're jealous."
@time=2015-12-12T23:00:48.000Z :IllFlower PRIVMSG #madokamadness :Minase laughs at his own joke.
@time=2015-12-12T23:01:23.000Z :Calica PRIVMSG #madokamadness :Emiko doesn't budge.
@time=2015-12-12T23:02:09.000Z :IllFlower PRIVMSG #madokamadness :"Nah, I don't even know why you're answering that question. It's the Highland Boys, obviously. Akamine doesn't like me stepping on his toes."
@time=2015-12-12T23:02:46.000Z :IllFlower PRIVMSG #madokamadness :His answer seems remarkably carefree for someone whose girlfriend received a flaming letter this morning, but maybe that's just how he is.
@time=2015-12-12T23:03:37.000Z :Rig PRIVMSG #madokamadness :"Seems a little intense to try to burn someone over a schoolyard scuffle."
@time=2015-12-12T23:06:40.000Z :IllFlower PRIVMSG #madokamadness :"Why are you telling me? I'm just as much the victim here as she is."
@time=2015-12-12T23:07:40.000Z :Rig PRIVMSG #madokamadness :"It just seems odd to me. What did you do to make piss off Akamine?"
@time=2015-12-12T23:07:49.000Z :Rig PRIVMSG #madokamadness :strike to make
@time=2015-12-12T23:09:26.000Z :IllFlower PRIVMSG #madokamadness :"Guy thinks he owns the neighborhood. I just want to get together with a few friends and do silly shit, right? And he doesn't like that."
@time=2015-12-12T23:11:38.000Z :Rig PRIVMSG #madokamadness :Noriko shrugs. Minase makes it seem reasonable.
@time=2015-12-12T23:13:33.000Z :IllFlower PRIVMSG #madokamadness :As reasonable as people beating each other up and setting things on fire can be,
@time=2015-12-12T23:13:59.000Z :Rig PRIVMSG #madokamadness :I mean, he certainly hasn't tried to light anyone on fire.
@time=2015-12-12T23:14:07.000Z :Rig PRIVMSG #madokamadness :To Noriko's knowledge.
@time=2015-12-12T23:14:24.000Z :IllFlower PRIVMSG #madokamadness :He does still have the stitches on his face, though.
@time=2015-12-12T23:14:55.000Z :Calica PRIVMSG #madokamadness :"What sort of silly shit escalates to blowing up the girlfriend, though?"
@time=2015-12-12T23:19:18.000Z :IllFlower PRIVMSG #madokamadness :"Well, let's be honest. We're already beating each other up in the hallways."
@time=2015-12-12T23:21:17.000Z :Rig PRIVMSG #madokamadness :Noriko eyes the stitches. It looks like it'll leave a scar. "Yeah, that follows. Throw a punch, commit some arson, rob some stores."
@time=2015-12-12T23:21:53.000Z :IllFlower PRIVMSG #madokamadness :"Pretty much. I'm glad someone understands."
@time=2015-12-12T23:23:05.000Z :Calica PRIVMSG #madokamadness :does Satori have anything to say about this?
@time=2015-12-12T23:23:38.000Z :IllFlower PRIVMSG #madokamadness :Minase leans forward. "Hey, if that's your thing, do you want to join? Red Minamoto is always recruiting."
@time=2015-12-12T23:24:31.000Z :Rig PRIVMSG #madokamadness :"That's the name of your gang?"
@time=2015-12-12T23:25:52.000Z :IllFlower PRIVMSG #madokamadness :"That's us. I'm the 'Mina,' Kurimoto's the 'moto.' Though he's not around now."
@time=2015-12-12T23:25:52.000Z :Rig PRIVMSG #madokamadness :"I think I'll pass but thanks for the offer."
@time=2015-12-12T23:26:15.000Z :Rig PRIVMSG #madokamadness :"Where is your 'moto' then?"
@time=2015-12-12T23:26:16.000Z :Calica PRIVMSG #madokamadness :do any of us recognize that name
@time=2015-12-12T23:27:06.000Z :IllFlower PRIVMSG #madokamadness :"Suspended. He slugged some kid hard enough to send him to the hospital. Ueno? I think that was his name."
@time=2015-12-12T23:27:18.000Z :IllFlower PRIVMSG #madokamadness :Oh, yeah, Emiko remembers. That boy from earlier was named Ueno.
@time=2015-12-12T23:30:21.000Z :Calica PRIVMSG #madokamadness :Emiko sighs.  And this is the guy Mayumi's smitten wwith...
@time=2015-12-12T23:30:24.000Z :Calica PRIVMSG #madokamadness :*with
@time=2015-12-12T23:32:58.000Z :AttObl_ QUIT :Remote host closed the connection
@time=2015-12-12T23:36:41.000Z :Rig PRIVMSG #madokamadness :"He sounds charming."
@time=2015-12-12T23:39:41.000Z :Calica PRIVMSG #madokamadness :BGTB2005: does Satori have anything to contribute?
@time=2015-12-12T23:40:42.000Z :BGTB2005 PRIVMSG #madokamadness :beyond her opinion on pretty much everyone involved, not really
@time=2015-12-12T23:41:46.000Z :Rig PRIVMSG #madokamadness :Was Minase involved in the brawl the other day then?
@time=2015-12-12T23:42:00.000Z :Rig PRIVMSG #madokamadness :How did he avoid suspension?
@time=2015-12-12T23:44:05.000Z :BGTB2005 PRIVMSG #madokamadness :magic?
@time=2015-12-12T23:44:18.000Z :Calica PRIVMSG #madokamadness :He might be doing the on the edges thing like Akamine?
@time=2015-12-12T23:44:54.000Z :tinytop QUIT :Quit: http://www.mibbit.com ajax IRC Client
@time=2015-12-12T23:45:04.000Z :Rig PRIVMSG #madokamadness :Ah, yeah.
@time=2015-12-12T23:45:13.000Z :Rig PRIVMSG #madokamadness :Everyone in this school is a jerk.
@time=2015-12-12T23:45:17.000Z :Calica PRIVMSG #madokamadness :so it seems
@time=2015-12-12T23:45:25.000Z :IllFlower PRIVMSG #madokamadness :Rule #1: Never do yourself what you can delegate.
@time=2015-12-12T23:49:41.000Z :Rig PRIVMSG #madokamadness :Noriko looks up from her meal after a few moments. "So, what is your plan for revenge?"
@time=2015-12-12T23:51:26.000Z :IllFlower PRIVMSG #madokamadness :"What do you think I'm doing here by myself? I'm making one."
@time=2015-12-12T23:52:07.000Z :Calica PRIVMSG #madokamadness :"By yourself?"
@time=2015-12-12T23:52:14.000Z :Rig PRIVMSG #madokamadness :"I thought all your friends got suspended and that was why you were all alone."
@time=2015-12-12T23:54:09.000Z :Juan JOIN #madokamadness
@time=2015-12-12T23:54:14.000Z :IllFlower PRIVMSG #madokamadness :Calica: Emiko's got some sass, huh?
@time=2015-12-12T23:54:33.000Z :Calica PRIVMSG #madokamadness :apparently.  I guess that's just how I talk even when I'm trying to be vaguely friendly? >_>
@time=2015-12-12T23:54:49.000Z :IllFlower PRIVMSG #madokamadness :"Ha, if they suspended all of them there wouldn't be enough people to hold classes. Everyone loves me."
@time=2015-12-12T23:55:16.000Z :Rig PRIVMSG #madokamadness :"Yeah, they just show it in weird ways. Like arson."
@time=2015-12-12T23:55:42.000Z :IllFlower PRIVMSG #madokamadness :Minase rolls his eyes.
@time=2015-12-12T23:55:43.000Z :Rig QUIT :Read error: Connection reset by peer
@time=2015-12-12T23:56:02.000Z :Rig JOIN #madokamadness
@time=2015-12-12T23:56:02.000Z :ChanServ MODE #madokamadness +o Rig
@time=2015-12-12T23:56:40.000Z :IllFlower PRIVMSG #madokamadness :"Look, I wanna get back at Akamine as much as the next guy, so if you're not here to help, could you at least shut up?"
@time=2015-12-12T23:58:14.000Z :Rig PRIVMSG #madokamadness :Hm, we could offer to help and try to stop any more trouble by interfering.
@time=2015-12-13T00:01:11.000Z :IllFlower PRIVMSG #madokamadness :You could. Maybe you could use him.
@time=2015-12-13T00:02:39.000Z :Rig PRIVMSG #madokamadness :"We could help. Just fill us in."
@time=2015-12-13T00:03:42.000Z :BGTB2005 PRIVMSG #madokamadness :Satori looks at Noriko
@time=2015-12-13T00:05:02.000Z :Rig PRIVMSG #madokamadness :Noriko ignores the look.
@time=2015-12-13T00:05:18.000Z :IllFlower PRIVMSG #madokamadness :Minase laughs.
@time=2015-12-13T00:05:27.000Z :IllFlower PRIVMSG #madokamadness :"I like your style.
@time=2015-12-13T00:05:42.000Z :IllFlower PRIVMSG #madokamadness :"If you want my take on it, any guy with enough smarts to make a letter that ignites on contact wouldn't join up with Akamine.
@time=2015-12-13T00:06:27.000Z :Calica PRIVMSG #madokamadness :that explains the kid in class
@time=2015-12-13T00:06:28.000Z :IllFlower PRIVMSG #madokamadness :"And besides, the whole thing seems like such a girl's way of doing it. Tricking someone into thinking they've gotten a love letter or something? I couldn't think of that."
@time=2015-12-13T00:07:10.000Z :IllFlower PRIVMSG #madokamadness :Minase takes a mouthful of rice, chews it around thoroughly.
@time=2015-12-13T00:08:00.000Z :IllFlower PRIVMSG #madokamadness :"It's gotta be one of the girls. Akamine's got a few around him, but if you can crack one of them, I'm sure you'll find out who it was quick enough.
@time=2015-12-13T00:08:14.000Z :IllFlower PRIVMSG #madokamadness :"Then... we do to him what he did to me. Double."
@time=2015-12-13T00:08:55.000Z :Calica PRIVMSG #madokamadness :Emiko looks at Noriko.  We're supposed to be solving what's going on, not contributing to it!
@time=2015-12-13T00:09:30.000Z :BGTB2005 PRIVMSG #madokamadness :Satori stands up. "No. You're horrible. I'm not helping."
@time=2015-12-13T00:11:35.000Z :IllFlower PRIVMSG #madokamadness :Minase looks at Satori for a few seconds, then immediately files her away in the same mental bucket he's got for Emiko.
@time=2015-12-13T00:11:57.000Z :IllFlower PRIVMSG #madokamadness :"Nobody said you had to. We can just make it her and me."
@time=2015-12-13T00:13:25.000Z :Rig PRIVMSG #madokamadness :Noriko looks to Emiko and then Satori. "Maybe we can make this a little more agreeable to everyone."
@time=2015-12-13T00:14:31.000Z :Rig PRIVMSG #madokamadness :"Instead of cold-blooded revenge of such an uncreative manner, we find out who did this, and expose them. Get them expelled."
@time=2015-12-13T00:15:12.000Z :Rig PRIVMSG #madokamadness :"It weakens Akamine, shows that you can get things done the smart way, and no one gets hurt... per se."
@time=2015-12-13T00:16:19.000Z :IllFlower PRIVMSG #madokamadness :"Per se," Minase repeats.
@time=2015-12-13T00:17:26.000Z :IllFlower PRIVMSG #madokamadness :Minase smiles. "You're a smart one. I like that."
@time=2015-12-13T00:18:31.000Z :Calica PRIVMSG #madokamadness :"I'm a little unsure, but it sounds good to me."
@time=2015-12-13T00:19:22.000Z :IllFlower PRIVMSG #madokamadness :"Then it's settled."
@time=2015-12-13T00:19:37.000Z :IllFlower PRIVMSG #madokamadness :Minase extends a hand towards Noriko.
@time=2015-12-13T00:19:45.000Z :IllFlower PRIVMSG #madokamadness :"I look forward to working with you."
@time=2015-12-13T00:22:44.000Z :IllFlower PRIVMSG #madokamadness :I'm going to wind this session up soon, since I have another engagement this evening and I need to not look like I've been doing IRC RPs all afternoon.
@time=2015-12-13T00:23:03.000Z :Calica PRIVMSG #madokamadness :fair enough
@time=2015-12-13T00:23:55.000Z :Lin_Chong JOIN #madokamadness
@time=2015-12-13T00:24:12.000Z :Icon PRIVMSG #madokamadness :ACTION snickers.
@time=2015-12-13T00:24:45.000Z :Rig PRIVMSG #madokamadness :Noriko shakes Minase's hand. "I'm sure we'll work well together."
@time=2015-12-13T00:24:52.000Z :Rig PRIVMSG #madokamadness :Thanks for the session, IllFlower.
@time=2015-12-13T00:25:02.000Z :Rig PRIVMSG #madokamadness :Sorry I was in and out. Cooking dinner and RPing is a little difficult.
@time=2015-12-13T00:25:06.000Z :Calica PRIVMSG #madokamadness :thank you for the session
@time=2015-12-13T00:25:26.000Z :IllFlower PRIVMSG #madokamadness :Cool, we'll wrap up here, then. Thanks for playing, all.
@time=2015-12-13T00:25:41.000Z :IllFlower PRIVMSG #madokamadness :I was kinda doing laundry in the middle of all this so no excuses are needed.
@time=2015-12-13T00:25:43.000Z :Rig PRIVMSG #madokamadness :We're playing again next weekend, right?
@time=2015-12-13T00:25:50.000Z :IllFlower PRIVMSG #madokamadness :Yup. Same time, same virtual place.
@time=2015-12-13T00:25:56.000Z :Rig PRIVMSG #madokamadness :Good. Long breaks suck.
@time=2015-12-13T00:25:57.000Z :IllFlower PRIVMSG #madokamadness :It's on the calendar, of course.
@time=2015-12-13T00:26:16.000Z :Rig PRIVMSG #madokamadness :Yeah, I'll add that calendar to my personal one.
@time=2015-12-13T00:27:03.000Z :Rig PRIVMSG #madokamadness :Enjoy your night.
