@time=2014-06-14T21:27:57.000Z :IllFlower PRIVMSG #madokamadness :Okay, why don't we get started?
@time=2014-06-14T21:28:10.000Z :IllFlower PRIVMSG #madokamadness :ACTION uses a bulldozer to clear a mass of debris from the stage
@time=2014-06-14T21:28:42.000Z :IllFlower TOPIC #madokamadness :https://room208.org/wiki/events | RIGHT NOW: In memoriam perpetuam | Abandon all dope, ye who blazeth here.
@time=2014-06-14T21:28:59.000Z :ponicalica PRIVMSG #madokamadness :TAKE THE STAGE, EI EI OH
@time=2014-06-14T21:29:07.000Z :Alicia PRIVMSG #madokamadness :TRIUMP MAGIC.
@time=2014-06-14T21:29:11.000Z :Alicia PRIVMSG #madokamadness :TRIUMPH MAGIC*
@time=2014-06-14T21:29:29.000Z :IllFlower PRIVMSG #madokamadness :I think last time we left off with the Conservators' unceremonious defeat at Michi's hands.
@time=2014-06-14T21:29:40.000Z :ponicalica PRIVMSG #madokamadness :well, Rin's, but yeah
@time=2014-06-14T21:29:52.000Z :ponicalica PRIVMSG #madokamadness :Ayako and Hikari just stood and watched
@time=2014-06-14T21:29:54.000Z :IllFlower PRIVMSG #madokamadness :So, what's the plan this time?
@time=2014-06-14T21:30:45.000Z :ponicalica PRIVMSG #madokamadness :hmm
@time=2014-06-14T21:30:49.000Z :BGTB2005 PRIVMSG #madokamadness :(kill michi in her sleep)
@time=2014-06-14T21:30:57.000Z :Alicia PRIVMSG #madokamadness :"So uh, we're back, Shii. We got owned, and I apologize on behalf of the team..."
@time=2014-06-14T21:31:11.000Z :ponicalica PRIVMSG #madokamadness :Alicia: lol
@time=2014-06-14T21:31:36.000Z :IllFlower PRIVMSG #madokamadness :Hahaha.
@time=2014-06-14T21:31:57.000Z :IllFlower PRIVMSG #madokamadness :Well, the critical problem of Yumiko's quandary still hasn't been solved.
@time=2014-06-14T21:33:23.000Z :IllFlower PRIVMSG #madokamadness :Presumably, fixing that remains the girls' objective.
@time=2014-06-14T21:33:29.000Z :Rig JOIN #madokamadness
@time=2014-06-14T21:33:29.000Z :ChanServ MODE #madokamadness +o Rig
@time=2014-06-14T21:33:57.000Z :Alicia PRIVMSG #madokamadness :Oh yes. But I'm not sure where to go from here.
@time=2014-06-14T21:33:57.000Z :IllFlower PRIVMSG #madokamadness :The way I see it, talking to either Shii or Yumiko might be prudent.
@time=2014-06-14T21:33:57.000Z :ponicalica PRIVMSG #madokamadness :Hmm.  Part of me thinks that there might be some way to convince the girls who aren't Michi, but the problem is I have no idea how that'd happen
@time=2014-06-14T21:34:17.000Z :ponicalica PRIVMSG #madokamadness :But yeah, talking to Shii and reporting on what happened might be a good idea
@time=2014-06-14T21:34:19.000Z :IllFlower PRIVMSG #madokamadness :You could always band-aid a solution. :p
@time=2014-06-14T21:34:33.000Z :Fiora PRIVMSG #madokamadness :IllFlower: I-I'm not that small!
@time=2014-06-14T21:34:34.000Z :Rig PART #madokamadness
@time=2014-06-14T21:34:37.000Z :Fiora PRIVMSG #madokamadness :and yes proportional arms.
@time=2014-06-14T21:34:38.000Z :Alicia PRIVMSG #madokamadness :"Hey, we just tried to beat up your older friend, but would you mind us talking to you anyway? We don't want to hurt you, honest."
@time=2014-06-14T21:35:06.000Z :BGTB2005 PRIVMSG #madokamadness :("Unless you give us reason to.")
@time=2014-06-14T21:35:08.000Z :WildSeraph QUIT :Ping timeout: 190 seconds
@time=2014-06-14T21:35:34.000Z :IllFlower PRIVMSG #madokamadness :lol.
@time=2014-06-14T21:35:56.000Z :IllFlower PRIVMSG #madokamadness :Are we talking to the familiar, then?
@time=2014-06-14T21:36:23.000Z :Alicia PRIVMSG #madokamadness :Seems like a good course of action, yeah.
@time=2014-06-14T21:36:47.000Z :IllFlower PRIVMSG #madokamadness :"la familière"
@time=2014-06-14T21:38:32.000Z :IllFlower PRIVMSG #madokamadness :The Conservators go to find Shii in the abandoned church office, but she's not there. After some searching, they find her out on the roof of the adjacent annex, taking in the spring breeze.
@time=2014-06-14T21:38:58.000Z :ponicalica PRIVMSG #madokamadness :("You fucked up.")
@time=2014-06-14T21:39:05.000Z :IllFlower PRIVMSG #madokamadness :Shii greets the girls. She does a double-take upon seeing Rin, who appears to be clearly the worse for wear.
@time=2014-06-14T21:39:24.000Z :IllFlower PRIVMSG #madokamadness :"How... did the stakeout go?" she asks, with some trepidation.
@time=2014-06-14T21:39:58.000Z :ponicalica PRIVMSG #madokamadness :"We broke up the fitness test, but then Rin decided to take matters into her own hands, and, well..."
@time=2014-06-14T21:40:57.000Z :Alicia PRIVMSG #madokamadness :Hikari clears her throat. "We... were successful, up to a point. We aren't quite on the best of terms with them now."
@time=2014-06-14T21:41:20.000Z :Alicia PRIVMSG #madokamadness :"Nor we were able to gain any information on Yumiko's situation."
@time=2014-06-14T21:41:41.000Z :IllFlower PRIVMSG #madokamadness :I'm going to go with what Alicia just said, if that's okay.
@time=2014-06-14T21:41:49.000Z :ponicalica PRIVMSG #madokamadness :fair enough
@time=2014-06-14T21:42:22.000Z :IllFlower PRIVMSG #madokamadness :"Well, sometimes that happens," Shii says. "Patience is a necessity.
@time=2014-06-14T21:42:28.000Z :IllFlower PRIVMSG #madokamadness :"What happened to Rin?"
@time=2014-06-14T21:43:11.000Z :Alicia PRIVMSG #madokamadness :"Well, we-" she halfheartedly laughs, and puts on a smile. "we broke it up, only for Rin to attack Michi soon after."
@time=2014-06-14T21:43:57.000Z :BGTB2005 PRIVMSG #madokamadness :"I tried to get Michi to stop the fitness tests."
@time=2014-06-14T21:44:28.000Z :IllFlower PRIVMSG #madokamadness :"Wait, did the three of you actually intervene?"
@time=2014-06-14T21:44:46.000Z :IllFlower PRIVMSG #madokamadness :Shii looks puzzled. "I was under the impression that you were there just to surveil."
@time=2014-06-14T21:46:06.000Z :ponicalica PRIVMSG #madokamadness :"We saw them attacking the new girl."
@time=2014-06-14T21:46:06.000Z :Alicia PRIVMSG #madokamadness :"We - uh, I, and the others, jumped the gun once we saw one of the girls fall down in pain."
@time=2014-06-14T21:46:50.000Z :IllFlower PRIVMSG #madokamadness :"Hold on. Start from the beginning. What exactly happened?"
@time=2014-06-14T21:49:46.000Z :Alicia PRIVMSG #madokamadness :"We were at the school surveying, as mentioned before the assignment. There, we stayed hidden, as younger initiates filtered out around Michi and her friend. Shortly thereafter Michi began atta- ... using magic on a fellow girl, and that is when we... attacked."
@time=2014-06-14T21:50:16.000Z :Alicia PRIVMSG #madokamadness :Hikari looks to Ayako and Rin before letting her eyes gaze off, away from Shii.
@time=2014-06-14T21:50:47.000Z :IllFlower PRIVMSG #madokamadness :Shii gives Hikari a disturbed look. "And what kind of magic are we talking about here?"
@time=2014-06-14T21:51:14.000Z :SpruceZeus PART #madokamadness
@time=2014-06-14T21:51:26.000Z :ponicalica PRIVMSG #madokamadness :"The first one was a pretty standard explosion.  The second...I think it was a direct strike against her mind."
@time=2014-06-14T21:51:46.000Z :Alicia PRIVMSG #madokamadness :"The... usual, Shii. From each side."
@time=2014-06-14T21:54:24.000Z :IllFlower PRIVMSG #madokamadness :Shii shakes her head. "Even with the best of intentions, that's beyond the pale.
@time=2014-06-14T21:54:46.000Z :IllFlower PRIVMSG #madokamadness :"I don't see how their familiar could possibly approve of this, let alone be unaware of it."
@time=2014-06-14T21:55:55.000Z :Alicia PRIVMSG #madokamadness :"Nyoma is a relaxed familiar, that much we're sure of. Although, it wouldn't surprise me if some things slipped by Nyoma..."
@time=2014-06-14T21:56:31.000Z :ponicalica PRIVMSG #madokamadness :I'm guessing that familiars don't operate by emburst-style "lol you can't hurt familiars" rules here?
@time=2014-06-14T21:57:30.000Z :IllFlower PRIVMSG #madokamadness :"This isn't just 'relaxed,' this sounds like essential negligence.
@time=2014-06-14T21:57:39.000Z :IllFlower PRIVMSG #madokamadness :"What do you mean when you say 'slipped by'?"
@time=2014-06-14T21:58:20.000Z :SF_Sorrow JOIN #madokamadness
@time=2014-06-14T21:59:31.000Z :Alicia PRIVMSG #madokamadness :"It's an understatement, yes... And, well, Nyoma essentially cozied up to Michi when we were there. Didn't seem to have a care in the world. I wouldn't be surprised if Michi, or others, talked him into letting some things happen."
@time=2014-06-14T21:59:45.000Z :Alicia PRIVMSG #madokamadness :"Leaving out important details, that sort of thing."
@time=2014-06-14T22:02:15.000Z :IllFlower PRIVMSG #madokamadness :"I'm not sure you understand, Hikari. Nyoma's failing his basic responsibility to his initiates by not being aware enough of what's happening to stop this.
@time=2014-06-14T22:02:43.000Z :IllFlower PRIVMSG #madokamadness :"Trust is fine, but there's a difference between that and blind following."
@time=2014-06-14T22:05:01.000Z :IllFlower PRIVMSG #madokamadness :Shii paces back and forth across the roof. She seems to have a habit of doing this.
@time=2014-06-14T22:05:53.000Z :IllFlower PRIVMSG #madokamadness :"I think I might have a solution.
@time=2014-06-14T22:06:04.000Z :IllFlower PRIVMSG #madokamadness :"I'd ordinarily hesitate to suggest it, but the situation seems to warrant it."
@time=2014-06-14T22:06:33.000Z :Alicia PRIVMSG #madokamadness :Hikari forces herself to stare back silently at Shii, until the words come. "... I - I mean, yes, yes he is. But I'm not sure what can-" she stops again, listening intently.
@time=2014-06-14T22:09:46.000Z :IllFlower PRIVMSG #madokamadness :"Ayako?" Shii asks, abruptly.
@time=2014-06-14T22:10:51.000Z :IllFlower PRIVMSG #madokamadness :"Do you remember what was happening with the members of Satsuki's sect before things got violent?"
@time=2014-06-14T22:12:11.000Z :Buttercupistiny JOIN #madokamadness
@time=2014-06-14T22:12:12.000Z :ChanServ MODE #madokamadness +o Buttercupistiny
@time=2014-06-14T22:13:19.000Z :ponicalica PRIVMSG #madokamadness :"Not too closely.  I think you mentioned a lot of trading between familiars?"
@time=2014-06-14T22:14:58.000Z :IllFlower PRIVMSG #madokamadness :"Yes, that's what I mean.
@time=2014-06-14T22:16:31.000Z :IllFlower PRIVMSG #madokamadness :"I'm not sure if you know this, but occasionally we take all of a familiar's initiates out of their care.
@time=2014-06-14T22:17:48.000Z :IllFlower PRIVMSG #madokamadness :"Given that the group no longer seems to answer to Nyoma, but rather to Miss Akase, I think it would be prudent to split them all up. Miss Kayano included, of course."
@time=2014-06-14T22:17:54.000Z :IllFlower PRIVMSG #madokamadness :Shii's eyes darken.
@time=2014-06-14T22:18:22.000Z :IllFlower PRIVMSG #madokamadness :"At that point, since Nyoma would no longer have any charges, he would be..."
@time=2014-06-14T22:18:28.000Z :IllFlower PRIVMSG #madokamadness :She trails off, not finishing her sentence.
@time=2014-06-14T22:19:30.000Z :Alicia PRIVMSG #madokamadness :"Excuse me, please, Shii. What would happen to Nyoma?"
@time=2014-06-14T22:21:41.000Z :IllFlower PRIVMSG #madokamadness :"The Order would release him," Shii says, carefully choosing her words.
@time=2014-06-14T22:24:13.000Z :ponicalica PRIVMSG #madokamadness :"Won't Nyoma resist that, though?"
@time=2014-06-14T22:25:20.000Z :IllFlower PRIVMSG #madokamadness :"We all serve at the leisure of the Prophets. It's the sole reason we exist."
@time=2014-06-14T22:28:13.000Z :Alicia PRIVMSG #madokamadness :"Ah. The Order, and all of us..." she trails off, making sense of Shii's words.
@time=2014-06-14T22:29:40.000Z :IllFlower PRIVMSG #madokamadness :Shii's "we" means the familiars here, I should clarify.
@time=2014-06-14T22:30:33.000Z :Alicia PRIVMSG #madokamadness :(Mmhm.)
@time=2014-06-14T22:31:54.000Z :IllFlower PRIVMSG #madokamadness :"I'm sure you understand why I'm hesitant to do this, but I'd rather this than possibly losing an initiate."
@time=2014-06-14T22:33:25.000Z :IllFlower PRIVMSG #madokamadness :Shii turns and looks back at the sky beyond the edge of the roof.
@time=2014-06-14T22:35:24.000Z :IllFlower PRIVMSG #madokamadness :"I'll put in a request for Nyoma's deactivation. His charges should all be reassigned by tomorrow, Miss Kayano included."
@time=2014-06-14T22:35:48.000Z :IllFlower PRIVMSG #madokamadness :She seems to mumble something to herself as a postscript, but it's too faint for the girls to hear.
@time=2014-06-14T22:36:17.000Z :Alicia PRIVMSG #madokamadness :"I'm glad Kayano shall, hopefully, be somewhere safe again."
@time=2014-06-14T22:42:04.000Z :IllFlower PRIVMSG #madokamadness :Well, we're essentially done with this scene, as far as I can tell.
@time=2014-06-14T22:43:08.000Z :IllFlower PRIVMSG #madokamadness :What else is there left to do?
@time=2014-06-14T22:45:11.000Z :Alicia PRIVMSG #madokamadness :Hm... talk to Yumiko, later, but otherwise I think we've gotten Shii all caught up?
@time=2014-06-14T22:45:19.000Z :Alicia PRIVMSG #madokamadness :I could be missing things.
@time=2014-06-14T22:46:23.000Z :IllFlower PRIVMSG #madokamadness :Big picture-wise?
@time=2014-06-14T22:46:49.000Z :Alicia PRIVMSG #madokamadness :I was referring to just this right here, but.
@time=2014-06-14T22:47:53.000Z :Alicia PRIVMSG #madokamadness :to things left in this session*
@time=2014-06-14T22:48:05.000Z :IllFlower PRIVMSG #madokamadness :If there's nothing left to do, we may even be closed out on this branch.
@time=2014-06-14T22:48:30.000Z :IllFlower PRIVMSG #madokamadness :The girls can talk to Yumiko, though.
@time=2014-06-14T22:49:05.000Z :Alicia PRIVMSG #madokamadness :Oh yeah.
@time=2014-06-14T22:51:26.000Z :IllFlower PRIVMSG #madokamadness :Yeah, I've got that. It doesn't seem like there's much left anyway, so we're basically done here plus or minus whatever conclusive scenes.
@time=2014-06-14T22:55:13.000Z :IllFlower PRIVMSG #madokamadness :Alicia, BGTB2005: What sayeth you?
@time=2014-06-14T22:55:50.000Z :Alicia PRIVMSG #madokamadness :I say we're done here, yeah.
@time=2014-06-14T22:56:41.000Z :BGTB2005 PRIVMSG #madokamadness :I'd like to talk with Yumiko, but yeah, I think we're otherwise done
@time=2014-06-14T22:58:46.000Z :IllFlower PRIVMSG #madokamadness :Okay. Yumiko talk now or later?
@time=2014-06-14T22:58:54.000Z :Alicia PRIVMSG #madokamadness :Later.
@time=2014-06-14T23:00:44.000Z :IllFlower PRIVMSG #madokamadness :Okay. We'll go ahead and wrap up now, and finish the Yumiko scene next time.
@time=2014-06-14T23:00:57.000Z :IllFlower PRIVMSG #madokamadness :I imagine it'll be short, so we'll go ahead and start the next branch then as well.
@time=2014-06-14T23:01:28.000Z :IllFlower PRIVMSG #madokamadness :In the meantime, feel free to work on the post-branch reflection stat changes.
@time=2014-06-14T23:01:41.000Z :IllFlower PRIVMSG #madokamadness :Thanks, everyone. Until next session.
@time=2014-06-14T23:02:06.000Z :Alicia PRIVMSG #madokamadness :Thanks for hosting as well.
